2022-02-28 01:30:59.894  INFO [users-ws,,] 14344 --- [restartedMain] c.c.c.ConfigServicePropertySourceLocator : Fetching config from server at : http://localhost:8012
2022-02-28 01:31:01.953  INFO [users-ws,,] 14344 --- [restartedMain] c.c.c.ConfigServicePropertySourceLocator : Connect Timeout Exception on Url - http://localhost:8012. Will be trying the next url if available
2022-02-28 01:31:01.954  WARN [users-ws,,] 14344 --- [restartedMain] c.c.c.ConfigServicePropertySourceLocator : Could not locate PropertySource: I/O error on GET request for "http://localhost:8012/PhotoAppApiConfigServer/default": Connection refused: no further information; nested exception is java.net.ConnectException: Connection refused: no further information
2022-02-28 01:31:01.956  INFO [users-ws,,] 14344 --- [restartedMain] c.e.p.PhotoAppApiUsersApplication        : No active profile set, falling back to default profiles: default
2022-02-28 01:31:01.966  INFO [users-ws,,] 14344 --- [restartedMain] o.s.b.context.config.ConfigDataLoader    : Fetching config from server at : http://localhost:8012
2022-02-28 01:31:01.966  INFO [users-ws,,] 14344 --- [restartedMain] o.s.b.context.config.ConfigDataLoader    : Connect Timeout Exception on Url - http://localhost:8012. Will be trying the next url if available
2022-02-28 01:31:01.966  WARN [users-ws,,] 14344 --- [restartedMain] o.s.b.context.config.ConfigDataLoader    : Could not locate PropertySource ([ConfigServerConfigDataResource@5551b467 uris = array<String>['http://localhost:8012'], optional = true, profiles = list['default']]): I/O error on GET request for "http://localhost:8012/PhotoAppApiConfigServer/default": Connection refused: no further information; nested exception is java.net.ConnectException: Connection refused: no further information
2022-02-28 01:31:02.919  INFO [users-ws,,] 14344 --- [restartedMain] .s.d.r.c.RepositoryConfigurationDelegate : Bootstrapping Spring Data JPA repositories in DEFAULT mode.
2022-02-28 01:31:02.998  INFO [users-ws,,] 14344 --- [restartedMain] .s.d.r.c.RepositoryConfigurationDelegate : Finished Spring Data repository scanning in 73 ms. Found 1 JPA repository interfaces.
2022-02-28 01:31:03.419  INFO [users-ws,,] 14344 --- [restartedMain] faultConfiguringBeanFactoryPostProcessor : No bean named 'errorChannel' has been explicitly defined. Therefore, a default PublishSubscribeChannel will be created.
2022-02-28 01:31:03.426  INFO [users-ws,,] 14344 --- [restartedMain] faultConfiguringBeanFactoryPostProcessor : No bean named 'integrationHeaderChannelRegistry' has been explicitly defined. Therefore, a default DefaultHeaderChannelRegistry will be created.
2022-02-28 01:31:03.509  INFO [users-ws,,] 14344 --- [restartedMain] o.s.cloud.context.scope.GenericScope     : BeanFactory id=a6907be5-8a20-39e6-8a77-259b5de3ffd7
2022-02-28 01:31:03.794  INFO [users-ws,,] 14344 --- [restartedMain] trationDelegate$BeanPostProcessorChecker : Bean 'org.springframework.cloud.stream.config.BindersHealthIndicatorAutoConfiguration' of type [org.springframework.cloud.stream.config.BindersHealthIndicatorAutoConfiguration] is not eligible for getting processed by all BeanPostProcessors (for example: not eligible for auto-proxying)
2022-02-28 01:31:03.798  INFO [users-ws,,] 14344 --- [restartedMain] trationDelegate$BeanPostProcessorChecker : Bean 'bindersHealthContributor' of type [org.springframework.cloud.stream.config.BindersHealthIndicatorAutoConfiguration$BindersHealthContributor] is not eligible for getting processed by all BeanPostProcessors (for example: not eligible for auto-proxying)
2022-02-28 01:31:03.811  INFO [users-ws,,] 14344 --- [restartedMain] trationDelegate$BeanPostProcessorChecker : Bean 'bindersHealthIndicatorListener' of type [org.springframework.cloud.stream.config.BindersHealthIndicatorAutoConfiguration$BindersHealthIndicatorListener] is not eligible for getting processed by all BeanPostProcessors (for example: not eligible for auto-proxying)
2022-02-28 01:31:03.838  INFO [users-ws,,] 14344 --- [restartedMain] trationDelegate$BeanPostProcessorChecker : Bean 'org.springframework.integration.config.IntegrationManagementConfiguration' of type [org.springframework.integration.config.IntegrationManagementConfiguration] is not eligible for getting processed by all BeanPostProcessors (for example: not eligible for auto-proxying)
2022-02-28 01:31:03.853  INFO [users-ws,,] 14344 --- [restartedMain] trationDelegate$BeanPostProcessorChecker : Bean 'org.springframework.boot.autoconfigure.integration.IntegrationAutoConfiguration$IntegrationJmxConfiguration' of type [org.springframework.boot.autoconfigure.integration.IntegrationAutoConfiguration$IntegrationJmxConfiguration] is not eligible for getting processed by all BeanPostProcessors (for example: not eligible for auto-proxying)
2022-02-28 01:31:03.860  INFO [users-ws,,] 14344 --- [restartedMain] trationDelegate$BeanPostProcessorChecker : Bean 'org.springframework.boot.autoconfigure.jmx.JmxAutoConfiguration' of type [org.springframework.boot.autoconfigure.jmx.JmxAutoConfiguration] is not eligible for getting processed by all BeanPostProcessors (for example: not eligible for auto-proxying)
2022-02-28 01:31:03.866  INFO [users-ws,,] 14344 --- [restartedMain] trationDelegate$BeanPostProcessorChecker : Bean 'mbeanServer' of type [com.sun.jmx.mbeanserver.JmxMBeanServer] is not eligible for getting processed by all BeanPostProcessors (for example: not eligible for auto-proxying)
2022-02-28 01:31:03.911  INFO [users-ws,,] 14344 --- [restartedMain] trationDelegate$BeanPostProcessorChecker : Bean 'integrationChannelResolver' of type [org.springframework.integration.support.channel.BeanFactoryChannelResolver] is not eligible for getting processed by all BeanPostProcessors (for example: not eligible for auto-proxying)
2022-02-28 01:31:05.239  WARN [users-ws,,] 14344 --- [restartedMain] o.s.c.s.a.z.ZipkinAutoConfiguration      : Check result of the [RestTemplateSender{http://localhost:9411/api/v2/spans}] contains an error [CheckResult{ok=false, error=org.springframework.web.client.ResourceAccessException: I/O error on POST request for "http://localhost:9411/api/v2/spans": Connect timed out; nested exception is java.net.SocketTimeoutException: Connect timed out}]
2022-02-28 01:31:07.796  INFO [users-ws,,] 14344 --- [restartedMain] o.s.b.w.embedded.tomcat.TomcatWebServer  : Tomcat initialized with port(s): 0 (http)
2022-02-28 01:31:07.802  INFO [users-ws,,] 14344 --- [restartedMain] o.apache.catalina.core.StandardService   : Starting service [Tomcat]
2022-02-28 01:31:07.803  INFO [users-ws,,] 14344 --- [restartedMain] org.apache.catalina.core.StandardEngine  : Starting Servlet engine: [Apache Tomcat/9.0.56]
2022-02-28 01:31:07.910  INFO [users-ws,,] 14344 --- [restartedMain] o.a.c.c.C.[Tomcat].[localhost].[/]       : Initializing Spring embedded WebApplicationContext
2022-02-28 01:31:07.910  INFO [users-ws,,] 14344 --- [restartedMain] w.s.c.ServletWebServerApplicationContext : Root WebApplicationContext: initialization completed in 5943 ms
2022-02-28 01:31:07.934  INFO [users-ws,,] 14344 --- [restartedMain] com.zaxxer.hikari.HikariDataSource       : HikariPool-1 - Starting...
2022-02-28 01:31:08.056  INFO [users-ws,,] 14344 --- [restartedMain] com.zaxxer.hikari.HikariDataSource       : HikariPool-1 - Start completed.
2022-02-28 01:31:08.065  INFO [users-ws,,] 14344 --- [restartedMain] o.s.b.a.h2.H2ConsoleAutoConfiguration    : H2 console available at '/h2-console'. Database available at 'jdbc:mysql://localhost:3306/photo_app?useSSL=false&useJDBCCompliantTimezoneShift=true&useLegacyDatetimeCode=false&serverTimezone=Europe/Moscow'
2022-02-28 01:31:08.307  INFO [users-ws,,] 14344 --- [restartedMain] o.hibernate.jpa.internal.util.LogHelper  : HHH000204: Processing PersistenceUnitInfo [name: default]
2022-02-28 01:31:08.352  INFO [users-ws,,] 14344 --- [restartedMain] org.hibernate.Version                    : HHH000412: Hibernate ORM core version 5.6.4.Final
2022-02-28 01:31:08.470  INFO [users-ws,,] 14344 --- [restartedMain] o.hibernate.annotations.common.Version   : HCANN000001: Hibernate Commons Annotations {5.1.2.Final}
2022-02-28 01:31:08.557  INFO [users-ws,,] 14344 --- [restartedMain] org.hibernate.dialect.Dialect            : HHH000400: Using dialect: org.hibernate.dialect.MySQL8Dialect
2022-02-28 01:31:09.073  INFO [users-ws,,] 14344 --- [restartedMain] o.h.e.t.j.p.i.JtaPlatformInitiator       : HHH000490: Using JtaPlatform implementation: [org.hibernate.engine.transaction.jta.platform.internal.NoJtaPlatform]
2022-02-28 01:31:09.083  INFO [users-ws,,] 14344 --- [restartedMain] j.LocalContainerEntityManagerFactoryBean : Initialized JPA EntityManagerFactory for persistence unit 'default'
2022-02-28 01:31:09.661  WARN [users-ws,,] 14344 --- [restartedMain] JpaBaseConfiguration$JpaWebConfiguration : spring.jpa.open-in-view is enabled by default. Therefore, database queries may be performed during view rendering. Explicitly configure spring.jpa.open-in-view to disable this warning
2022-02-28 01:31:09.822  WARN [users-ws,,] 14344 --- [restartedMain] o.s.b.d.a.OptionalLiveReloadServer       : Unable to start LiveReload server
2022-02-28 01:31:09.894  INFO [users-ws,,] 14344 --- [restartedMain] o.s.c.openfeign.FeignClientFactoryBean   : For 'albums-ws' URL not provided. Will try picking an instance via load-balancing.
2022-02-28 01:31:10.342  INFO [users-ws,,] 14344 --- [restartedMain] o.s.s.web.DefaultSecurityFilterChain     : Will secure any request with [org.springframework.security.web.context.request.async.WebAsyncManagerIntegrationFilter@7e3dad30, org.springframework.security.web.context.SecurityContextPersistenceFilter@58985f58, org.springframework.security.web.header.HeaderWriterFilter@c0db5be, org.springframework.security.web.authentication.logout.LogoutFilter@219824c4, com.example.photoappapiusers.security.AuthenticationFilter@5782390e, org.springframework.security.web.savedrequest.RequestCacheAwareFilter@4a5c9b83, org.springframework.security.web.servletapi.SecurityContextHolderAwareRequestFilter@243d945b, org.springframework.security.web.authentication.AnonymousAuthenticationFilter@5d18c0f8, org.springframework.security.web.session.SessionManagementFilter@5fb1c9d7, org.springframework.security.web.access.ExceptionTranslationFilter@571844de, org.springframework.security.web.access.intercept.FilterSecurityInterceptor@41b4314e]
2022-02-28 01:31:11.277  INFO [users-ws,,] 14344 --- [restartedMain] o.s.c.s.m.DirectWithAttributesChannel    : Channel 'application-1.springCloudBusInput' has 1 subscriber(s).
2022-02-28 01:31:11.711  INFO [users-ws,,] 14344 --- [restartedMain] DiscoveryClientOptionalArgsConfiguration : Eureka HTTP Client uses RestTemplate.
2022-02-28 01:31:12.106  WARN [users-ws,,] 14344 --- [restartedMain] iguration$LoadBalancerCaffeineWarnLogger : Spring Cloud LoadBalancer is currently working with the default cache. You can switch to using Caffeine cache, by adding it and org.springframework.cache.caffeine.CaffeineCacheManager to the classpath.
2022-02-28 01:31:12.204  INFO [users-ws,,] 14344 --- [restartedMain] o.s.b.a.e.web.EndpointLinksResolver      : Exposing 34 endpoint(s) beneath base path '/actuator'
2022-02-28 01:31:12.489  INFO [users-ws,,] 14344 --- [restartedMain] o.s.i.monitor.IntegrationMBeanExporter   : Registering MessageChannel errorChannel
2022-02-28 01:31:12.518  INFO [users-ws,,] 14344 --- [restartedMain] o.s.i.monitor.IntegrationMBeanExporter   : Registering MessageChannel springCloudBusInput
2022-02-28 01:31:12.536  INFO [users-ws,,] 14344 --- [restartedMain] o.s.i.monitor.IntegrationMBeanExporter   : Registering MessageChannel nullChannel
2022-02-28 01:31:12.551  INFO [users-ws,,] 14344 --- [restartedMain] o.s.i.monitor.IntegrationMBeanExporter   : Registering MessageHandler _org.springframework.integration.errorLogger
2022-02-28 01:31:12.591  INFO [users-ws,,] 14344 --- [restartedMain] o.s.i.endpoint.EventDrivenConsumer       : Adding {logging-channel-adapter:_org.springframework.integration.errorLogger} as a subscriber to the 'errorChannel' channel
2022-02-28 01:31:12.591  INFO [users-ws,,] 14344 --- [restartedMain] o.s.i.channel.PublishSubscribeChannel    : Channel 'application-1.errorChannel' has 1 subscriber(s).
2022-02-28 01:31:12.591  INFO [users-ws,,] 14344 --- [restartedMain] o.s.i.endpoint.EventDrivenConsumer       : started bean '_org.springframework.integration.errorLogger'
2022-02-28 01:31:12.600  INFO [users-ws,,] 14344 --- [restartedMain] o.s.c.s.binder.DefaultBinderFactory      : Creating binder: rabbit
2022-02-28 01:31:12.653  INFO [users-ws,,] 14344 --- [restartedMain] o.s.c.s.binder.DefaultBinderFactory      : Caching the binder: rabbit
2022-02-28 01:31:12.653  INFO [users-ws,,] 14344 --- [restartedMain] o.s.c.s.binder.DefaultBinderFactory      : Retrieving cached binder: rabbit
2022-02-28 01:31:12.728  INFO [users-ws,,] 14344 --- [restartedMain] c.s.b.r.p.RabbitExchangeQueueProvisioner : declaring queue for inbound: springCloudBus.anonymous.X3ur-Fv9QlW9_lieuls5ig, bound to: springCloudBus
2022-02-28 01:31:12.730  INFO [users-ws,,] 14344 --- [restartedMain] o.s.a.r.c.CachingConnectionFactory       : Attempting to connect to: [localhost:5672]
2022-02-28 01:31:12.752  INFO [users-ws,,] 14344 --- [restartedMain] o.s.a.r.c.CachingConnectionFactory       : Created new connection: rabbitConnectionFactory#31f96f97:0/SimpleConnection@9cc18d6 [delegate=amqp://guest@127.0.0.1:5672/, localPort= 54610]
2022-02-28 01:31:12.793  INFO [users-ws,,] 14344 --- [restartedMain] o.s.c.stream.binder.BinderErrorChannel   : Channel 'springCloudBus.anonymous.X3ur-Fv9QlW9_lieuls5ig.errors' has 1 subscriber(s).
2022-02-28 01:31:12.794  INFO [users-ws,,] 14344 --- [restartedMain] o.s.c.stream.binder.BinderErrorChannel   : Channel 'springCloudBus.anonymous.X3ur-Fv9QlW9_lieuls5ig.errors' has 2 subscriber(s).
2022-02-28 01:31:12.806  INFO [users-ws,,] 14344 --- [restartedMain] o.s.i.a.i.AmqpInboundChannelAdapter      : started bean 'inbound.springCloudBus.anonymous.X3ur-Fv9QlW9_lieuls5ig'
2022-02-28 01:31:12.820  INFO [users-ws,,] 14344 --- [restartedMain] o.s.b.w.embedded.tomcat.TomcatWebServer  : Tomcat started on port(s): 54611 (http) with context path ''
2022-02-28 01:31:12.821  INFO [users-ws,,] 14344 --- [restartedMain] .s.c.n.e.s.EurekaAutoServiceRegistration : Updating port to 54611
2022-02-28 01:31:12.825  INFO [users-ws,,] 14344 --- [restartedMain] o.s.c.n.eureka.InstanceInfoFactory       : Setting initial instance status as: STARTING
2022-02-28 01:31:12.861  INFO [users-ws,,] 14344 --- [restartedMain] com.netflix.discovery.DiscoveryClient    : Initializing Eureka in region us-east-1
2022-02-28 01:31:12.864  INFO [users-ws,,] 14344 --- [restartedMain] c.n.d.s.r.aws.ConfigClusterResolver      : Resolving eureka endpoints via configuration
2022-02-28 01:31:12.883  INFO [users-ws,,] 14344 --- [restartedMain] com.netflix.discovery.DiscoveryClient    : Disable delta property : false
2022-02-28 01:31:12.883  INFO [users-ws,,] 14344 --- [restartedMain] com.netflix.discovery.DiscoveryClient    : Single vip registry refresh property : null
2022-02-28 01:31:12.883  INFO [users-ws,,] 14344 --- [restartedMain] com.netflix.discovery.DiscoveryClient    : Force full registry fetch : false
2022-02-28 01:31:12.883  INFO [users-ws,,] 14344 --- [restartedMain] com.netflix.discovery.DiscoveryClient    : Application is null : false
2022-02-28 01:31:12.883  INFO [users-ws,,] 14344 --- [restartedMain] com.netflix.discovery.DiscoveryClient    : Registered Applications size is zero : true
2022-02-28 01:31:12.883  INFO [users-ws,,] 14344 --- [restartedMain] com.netflix.discovery.DiscoveryClient    : Application version is -1: true
2022-02-28 01:31:12.883  INFO [users-ws,,] 14344 --- [restartedMain] com.netflix.discovery.DiscoveryClient    : Getting all instance registry info from the eureka server
2022-02-28 01:31:12.998  INFO [users-ws,,] 14344 --- [restartedMain] com.netflix.discovery.DiscoveryClient    : The response status is 200
2022-02-28 01:31:13.003  INFO [users-ws,,] 14344 --- [restartedMain] com.netflix.discovery.DiscoveryClient    : Starting heartbeat executor: renew interval is: 30
2022-02-28 01:31:13.009  INFO [users-ws,,] 14344 --- [restartedMain] c.n.discovery.InstanceInfoReplicator     : InstanceInfoReplicator onDemand update allowed rate per min is 4
2022-02-28 01:31:13.021  INFO [users-ws,,] 14344 --- [restartedMain] com.netflix.discovery.DiscoveryClient    : Discovery Client initialized at timestamp 1646001073020 with initial instances count: 2
2022-02-28 01:31:13.051  INFO [users-ws,,] 14344 --- [restartedMain] o.s.c.n.e.s.EurekaServiceRegistry        : Registering application USERS-WS with eureka with status UP
2022-02-28 01:31:13.052  INFO [users-ws,,] 14344 --- [restartedMain] com.netflix.discovery.DiscoveryClient    : Saw local status change event StatusChangeEvent [timestamp=1646001073052, current=UP, previous=STARTING]
2022-02-28 01:31:13.054  INFO [users-ws,,] 14344 --- [DiscoveryClient-InstanceInfoReplicator-0] com.netflix.discovery.DiscoveryClient    : DiscoveryClient_USERS-WS/users-ws:3d47de45de0c1a8e66255e33c22fb779: registering service...
2022-02-28 01:31:13.103  INFO [users-ws,,] 14344 --- [DiscoveryClient-InstanceInfoReplicator-0] com.netflix.discovery.DiscoveryClient    : DiscoveryClient_USERS-WS/users-ws:3d47de45de0c1a8e66255e33c22fb779 - registration status: 204
2022-02-28 01:31:13.149  INFO [users-ws,,] 14344 --- [restartedMain] o.s.i.monitor.IntegrationMBeanExporter   : Registering MessageChannel springCloudBus.anonymous.X3ur-Fv9QlW9_lieuls5ig.errors
2022-02-28 01:31:13.191  INFO [users-ws,,] 14344 --- [restartedMain] c.e.p.PhotoAppApiUsersApplication        : Started PhotoAppApiUsersApplication in 16.095 seconds (JVM running for 16.983)
2022-02-28 01:31:13.739  INFO [users-ws,,] 14344 --- [RMI TCP Connection(1)-192.168.147.130] o.a.c.c.C.[Tomcat].[localhost].[/]       : Initializing Spring DispatcherServlet 'dispatcherServlet'
2022-02-28 01:31:13.740  INFO [users-ws,,] 14344 --- [RMI TCP Connection(1)-192.168.147.130] o.s.web.servlet.DispatcherServlet        : Initializing Servlet 'dispatcherServlet'
2022-02-28 01:31:13.743  INFO [users-ws,,] 14344 --- [RMI TCP Connection(1)-192.168.147.130] o.s.web.servlet.DispatcherServlet        : Completed initialization in 3 ms
2022-02-28 01:36:12.900  INFO [users-ws,,] 14344 --- [AsyncResolver-bootstrap-executor-0] c.n.d.s.r.aws.ConfigClusterResolver      : Resolving eureka endpoints via configuration
2022-02-28 01:41:12.911  INFO [users-ws,,] 14344 --- [AsyncResolver-bootstrap-executor-0] c.n.d.s.r.aws.ConfigClusterResolver      : Resolving eureka endpoints via configuration
2022-02-28 01:46:12.922  INFO [users-ws,,] 14344 --- [AsyncResolver-bootstrap-executor-0] c.n.d.s.r.aws.ConfigClusterResolver      : Resolving eureka endpoints via configuration
2022-02-28 01:48:42.635  INFO [users-ws,,] 14344 --- [Thread-6] o.s.c.s.a.z.ZipkinAutoConfiguration      : Flushing remaining spans on shutdown
2022-02-28 01:48:42.638  INFO [users-ws,,] 14344 --- [SpringApplicationShutdownHook] o.s.c.n.e.s.EurekaServiceRegistry        : Unregistering application USERS-WS with eureka with status DOWN
2022-02-28 01:48:42.638  INFO [users-ws,,] 14344 --- [SpringApplicationShutdownHook] com.netflix.discovery.DiscoveryClient    : Saw local status change event StatusChangeEvent [timestamp=1646002122638, current=DOWN, previous=UP]
2022-02-28 01:48:42.638  INFO [users-ws,,] 14344 --- [DiscoveryClient-InstanceInfoReplicator-0] com.netflix.discovery.DiscoveryClient    : DiscoveryClient_USERS-WS/users-ws:3d47de45de0c1a8e66255e33c22fb779: registering service...
2022-02-28 01:48:42.667  INFO [users-ws,,] 14344 --- [SpringApplicationShutdownHook] o.s.a.r.l.SimpleMessageListenerContainer : Waiting for workers to finish.
